2024-07-18 12:55:43,005 - INFO -          Date   HIGH  CLOSE    LOW  ...  NASDAQ 100  Nikkei 225  FTSE 100   DAX 30
0  2013-01-01  27.73  27.62  27.15  ...     2746.47        0.00    6027.4  7778.78
1  2013-01-02  27.73  27.62  27.15  ...     2746.47        0.00    6027.4  7778.78
2  2013-01-03  27.65  27.25  27.16  ...     2732.26        0.00    6047.3  7756.44
3  2013-01-04  27.34  26.74  26.73  ...     2724.49    10688.11    6089.8  7776.37
4  2013-01-05  27.19  26.72  26.70  ...     2724.40    10658.41    6081.4  7761.80

[5 rows x 14 columns]
2024-07-18 12:55:43,026 - INFO - Index(['Date', 'HIGH', 'CLOSE', 'LOW', 'OPEN', 'COUNT', 'VOLUME',
       'daily_sentiment_score', 'S&P 500', 'Dow Jones', 'NASDAQ 100',
       'Nikkei 225', 'FTSE 100', 'DAX 30'],
      dtype='object')
2024-07-18 12:55:43,410 - INFO - Correlation Matrix:
2024-07-18 12:55:43,410 - INFO -                        daily_return  daily_sentiment_score
daily_return               1.000000               0.147371
daily_sentiment_score      0.147371               1.000000
2024-07-18 12:55:43,416 - INFO - Lagged Correlation Matrix (sentiment score):
2024-07-18 12:55:43,417 - INFO -                           daily_return  next_day_sentiment_score
daily_return                  1.000000                  0.030464
next_day_sentiment_score      0.030464                  1.000000
2024-07-18 12:55:43,422 - INFO - Correlation Matrix of Today's Sentiment Score and Next Day's Return:
2024-07-18 12:55:43,422 - INFO -                        daily_sentiment_score  next_day_return
daily_sentiment_score               1.000000         0.078439
next_day_return                     0.078439         1.000000
2024-07-18 12:55:44,810 - INFO - Granger Causality Tests:
2024-07-18 12:55:44,829 - INFO - 
Granger Causality Test Results (Sentiment Score -> Daily Return):
2024-07-18 12:55:44,829 - INFO - Lag 1:
2024-07-18 12:55:44,829 - INFO - (2.124432924071548, 0.1449664251567231, 1)
2024-07-18 12:55:44,829 - INFO - (2.1016711427423056, 0.14826948973557053, 277.0, 1.0)
2024-07-18 12:55:44,829 - INFO - Lag 2:
2024-07-18 12:55:44,829 - INFO - (2.315909618267323, 0.3141279760295473, 2)
2024-07-18 12:55:44,829 - INFO - (1.1372029308337726, 0.32222375977623224, 274.0, 2.0)
2024-07-18 12:55:44,829 - INFO - Lag 3:
2024-07-18 12:55:44,829 - INFO - (2.688114000070805, 0.4422509760923531, 3)
2024-07-18 12:55:44,829 - INFO - (0.8734758921093381, 0.4552779087200991, 271.0, 3.0)
2024-07-18 12:55:44,829 - INFO - Lag 4:
2024-07-18 12:55:44,830 - INFO - (3.751956542902801, 0.4406143011672302, 4)
2024-07-18 12:55:44,830 - INFO - (0.9075129544205506, 0.4600012744416816, 268.0, 4.0)
2024-07-18 12:55:44,830 - INFO - Lag 5:
2024-07-18 12:55:44,830 - INFO - (6.857757438931756, 0.23143583635565834, 5)
2024-07-18 12:55:44,830 - INFO - (1.3168882038528302, 0.25710576850524935, 265.0, 5.0)
2024-07-18 12:55:44,843 - INFO - 
Granger Causality Test Results (Daily Return -> Sentiment Score):
2024-07-18 12:55:44,843 - INFO - Lag 1:
2024-07-18 12:55:44,843 - INFO - (2.3680973551610514, 0.12383790256687499, 1)
2024-07-18 12:55:44,843 - INFO - (2.34272488349857, 0.1270104028926869, 277.0, 1.0)
2024-07-18 12:55:44,843 - INFO - Lag 2:
2024-07-18 12:55:44,843 - INFO - (4.286490539942651, 0.1172736401803686, 2)
2024-07-18 12:55:44,843 - INFO - (2.104835856531039, 0.12383187483986206, 274.0, 2.0)
2024-07-18 12:55:44,843 - INFO - Lag 3:
2024-07-18 12:55:44,843 - INFO - (4.701692660020749, 0.1949900023460467, 3)
2024-07-18 12:55:44,843 - INFO - (1.5277682384479923, 0.2075815857913495, 271.0, 3.0)
2024-07-18 12:55:44,844 - INFO - Lag 4:
2024-07-18 12:55:44,844 - INFO - (4.77161218895017, 0.31154419299471486, 4)
2024-07-18 12:55:44,844 - INFO - (1.1541444644753014, 0.3315131460967562, 268.0, 4.0)
2024-07-18 12:55:44,844 - INFO - Lag 5:
2024-07-18 12:55:44,844 - INFO - (5.047107930844668, 0.4101581876125925, 5)
2024-07-18 12:55:44,844 - INFO - (0.9691910157056723, 0.43707089359021956, 265.0, 5.0)
2024-07-18 12:59:16,137 - INFO -          Date   HIGH  CLOSE    LOW  ...  NASDAQ 100  Nikkei 225  FTSE 100   DAX 30
0  2013-01-01  27.73  27.62  27.15  ...     2746.47        0.00    6027.4  7778.78
1  2013-01-02  27.73  27.62  27.15  ...     2746.47        0.00    6027.4  7778.78
2  2013-01-03  27.65  27.25  27.16  ...     2732.26        0.00    6047.3  7756.44
3  2013-01-04  27.34  26.74  26.73  ...     2724.49    10688.11    6089.8  7776.37
4  2013-01-05  27.19  26.72  26.70  ...     2724.40    10658.41    6081.4  7761.80

[5 rows x 14 columns]
2024-07-18 12:59:16,161 - INFO - Index(['Date', 'HIGH', 'CLOSE', 'LOW', 'OPEN', 'COUNT', 'VOLUME',
       'daily_sentiment_score', 'S&P 500', 'Dow Jones', 'NASDAQ 100',
       'Nikkei 225', 'FTSE 100', 'DAX 30'],
      dtype='object')
2024-07-18 12:59:16,595 - INFO - Correlation Matrix:
2024-07-18 12:59:16,595 - INFO -                        daily_return  daily_sentiment_score
daily_return               1.000000               0.147371
daily_sentiment_score      0.147371               1.000000
2024-07-18 12:59:16,600 - INFO - Lagged Correlation Matrix (sentiment score):
2024-07-18 12:59:16,600 - INFO -                           daily_return  next_day_sentiment_score
daily_return                  1.000000                  0.030464
next_day_sentiment_score      0.030464                  1.000000
2024-07-18 12:59:16,605 - INFO - Correlation Matrix of Today's Sentiment Score and Next Day's Return:
2024-07-18 12:59:16,606 - INFO -                        daily_sentiment_score  next_day_return
daily_sentiment_score               1.000000         0.078439
next_day_return                     0.078439         1.000000
2024-07-18 12:59:18,069 - INFO - Granger Causality Tests:
2024-07-18 12:59:18,089 - INFO - 
Granger Causality Test Results (Sentiment Score -> Daily Return):
2024-07-18 12:59:18,089 - INFO - Lag 1:
2024-07-18 12:59:18,089 - INFO - (2.124432924071548, 0.1449664251567231, 1)
2024-07-18 12:59:18,089 - INFO - (2.1016711427423056, 0.14826948973557053, 277.0, 1.0)
2024-07-18 12:59:18,089 - INFO - Lag 2:
2024-07-18 12:59:18,089 - INFO - (2.315909618267323, 0.3141279760295473, 2)
2024-07-18 12:59:18,089 - INFO - (1.1372029308337726, 0.32222375977623224, 274.0, 2.0)
2024-07-18 12:59:18,089 - INFO - Lag 3:
2024-07-18 12:59:18,090 - INFO - (2.688114000070805, 0.4422509760923531, 3)
2024-07-18 12:59:18,090 - INFO - (0.8734758921093381, 0.4552779087200991, 271.0, 3.0)
2024-07-18 12:59:18,090 - INFO - Lag 4:
2024-07-18 12:59:18,090 - INFO - (3.751956542902801, 0.4406143011672302, 4)
2024-07-18 12:59:18,090 - INFO - (0.9075129544205506, 0.4600012744416816, 268.0, 4.0)
2024-07-18 12:59:18,090 - INFO - Lag 5:
2024-07-18 12:59:18,090 - INFO - (6.857757438931756, 0.23143583635565834, 5)
2024-07-18 12:59:18,090 - INFO - (1.3168882038528302, 0.25710576850524935, 265.0, 5.0)
2024-07-18 12:59:18,104 - INFO - 
Granger Causality Test Results (Daily Return -> Sentiment Score):
2024-07-18 12:59:18,104 - INFO - Lag 1:
2024-07-18 12:59:18,104 - INFO - (2.3680973551610514, 0.12383790256687499, 1)
2024-07-18 12:59:18,104 - INFO - (2.34272488349857, 0.1270104028926869, 277.0, 1.0)
2024-07-18 12:59:18,104 - INFO - Lag 2:
2024-07-18 12:59:18,104 - INFO - (4.286490539942651, 0.1172736401803686, 2)
2024-07-18 12:59:18,104 - INFO - (2.104835856531039, 0.12383187483986206, 274.0, 2.0)
2024-07-18 12:59:18,104 - INFO - Lag 3:
2024-07-18 12:59:18,104 - INFO - (4.701692660020749, 0.1949900023460467, 3)
2024-07-18 12:59:18,104 - INFO - (1.5277682384479923, 0.2075815857913495, 271.0, 3.0)
2024-07-18 12:59:18,104 - INFO - Lag 4:
2024-07-18 12:59:18,104 - INFO - (4.77161218895017, 0.31154419299471486, 4)
2024-07-18 12:59:18,104 - INFO - (1.1541444644753014, 0.3315131460967562, 268.0, 4.0)
2024-07-18 12:59:18,104 - INFO - Lag 5:
2024-07-18 12:59:18,104 - INFO - (5.047107930844668, 0.4101581876125925, 5)
2024-07-18 12:59:18,104 - INFO - (0.9691910157056723, 0.43707089359021956, 265.0, 5.0)
2024-07-18 13:00:36,224 - INFO -          Date   HIGH  CLOSE    LOW  ...  NASDAQ 100  Nikkei 225  FTSE 100   DAX 30
0  2013-01-01  27.73  27.62  27.15  ...     2746.47        0.00    6027.4  7778.78
1  2013-01-02  27.73  27.62  27.15  ...     2746.47        0.00    6027.4  7778.78
2  2013-01-03  27.65  27.25  27.16  ...     2732.26        0.00    6047.3  7756.44
3  2013-01-04  27.34  26.74  26.73  ...     2724.49    10688.11    6089.8  7776.37
4  2013-01-05  27.19  26.72  26.70  ...     2724.40    10658.41    6081.4  7761.80

[5 rows x 14 columns]
2024-07-18 13:00:36,247 - INFO - Index(['Date', 'HIGH', 'CLOSE', 'LOW', 'OPEN', 'COUNT', 'VOLUME',
       'daily_sentiment_score', 'S&P 500', 'Dow Jones', 'NASDAQ 100',
       'Nikkei 225', 'FTSE 100', 'DAX 30'],
      dtype='object')
2024-07-18 13:00:36,644 - INFO - Correlation Matrix:
2024-07-18 13:00:36,644 - INFO -                        daily_return  daily_sentiment_score
daily_return               1.000000               0.147371
daily_sentiment_score      0.147371               1.000000
2024-07-18 13:00:36,649 - INFO - Lagged Correlation Matrix (sentiment score):
2024-07-18 13:00:36,649 - INFO -                           daily_return  next_day_sentiment_score
daily_return                  1.000000                  0.030464
next_day_sentiment_score      0.030464                  1.000000
2024-07-18 13:00:36,656 - INFO - Correlation Matrix of Today's Sentiment Score and Next Day's Return:
2024-07-18 13:00:36,656 - INFO -                        daily_sentiment_score  next_day_return
daily_sentiment_score               1.000000         0.078439
next_day_return                     0.078439         1.000000
2024-07-18 13:00:38,195 - INFO - Granger Causality Tests:
2024-07-18 13:00:38,210 - INFO - 
Granger Causality Test Results (Sentiment Score -> Daily Return):
2024-07-18 13:00:38,210 - INFO - Lag 1:
2024-07-18 13:00:38,210 - INFO - (2.124432924071548, 0.1449664251567231, 1)
2024-07-18 13:00:38,210 - INFO - (2.1016711427423056, 0.14826948973557053, 277.0, 1.0)
2024-07-18 13:00:38,211 - INFO - Lag 2:
2024-07-18 13:00:38,211 - INFO - (2.315909618267323, 0.3141279760295473, 2)
2024-07-18 13:00:38,211 - INFO - (1.1372029308337726, 0.32222375977623224, 274.0, 2.0)
2024-07-18 13:00:38,211 - INFO - Lag 3:
2024-07-18 13:00:38,211 - INFO - (2.688114000070805, 0.4422509760923531, 3)
2024-07-18 13:00:38,211 - INFO - (0.8734758921093381, 0.4552779087200991, 271.0, 3.0)
2024-07-18 13:00:38,211 - INFO - Lag 4:
2024-07-18 13:00:38,211 - INFO - (3.751956542902801, 0.4406143011672302, 4)
2024-07-18 13:00:38,211 - INFO - (0.9075129544205506, 0.4600012744416816, 268.0, 4.0)
2024-07-18 13:00:38,211 - INFO - Lag 5:
2024-07-18 13:00:38,211 - INFO - (6.857757438931756, 0.23143583635565834, 5)
2024-07-18 13:00:38,211 - INFO - (1.3168882038528302, 0.25710576850524935, 265.0, 5.0)
2024-07-18 13:00:38,225 - INFO - 
Granger Causality Test Results (Daily Return -> Sentiment Score):
2024-07-18 13:00:38,225 - INFO - Lag 1:
2024-07-18 13:00:38,225 - INFO - (2.3680973551610514, 0.12383790256687499, 1)
2024-07-18 13:00:38,225 - INFO - (2.34272488349857, 0.1270104028926869, 277.0, 1.0)
2024-07-18 13:00:38,225 - INFO - Lag 2:
2024-07-18 13:00:38,225 - INFO - (4.286490539942651, 0.1172736401803686, 2)
2024-07-18 13:00:38,225 - INFO - (2.104835856531039, 0.12383187483986206, 274.0, 2.0)
2024-07-18 13:00:38,225 - INFO - Lag 3:
2024-07-18 13:00:38,225 - INFO - (4.701692660020749, 0.1949900023460467, 3)
2024-07-18 13:00:38,225 - INFO - (1.5277682384479923, 0.2075815857913495, 271.0, 3.0)
2024-07-18 13:00:38,225 - INFO - Lag 4:
2024-07-18 13:00:38,225 - INFO - (4.77161218895017, 0.31154419299471486, 4)
2024-07-18 13:00:38,225 - INFO - (1.1541444644753014, 0.3315131460967562, 268.0, 4.0)
2024-07-18 13:00:38,225 - INFO - Lag 5:
2024-07-18 13:00:38,225 - INFO - (5.047107930844668, 0.4101581876125925, 5)
2024-07-18 13:00:38,226 - INFO - (0.9691910157056723, 0.43707089359021956, 265.0, 5.0)
