2024-08-10 18:25:14,456 - INFO - Running time step 7
2024-08-10 18:25:14,456 - INFO - EMA 10, 40 with RSI
2024-08-10 18:25:14,585 - INFO -             real_price  predicted_price
Date                                   
2024-01-08      374.69           370.45
2024-01-09      375.79           370.65
2024-01-10      382.77           371.04
2024-01-11      384.63           372.44
2024-01-12      388.47           375.12
2024-08-10 18:25:14,603 - INFO - Sharpe Ratio (Real Prices): 1.120
2024-08-10 18:25:14,611 - INFO - Sharpe Ratio (Predicted Prices): -2.041
2024-08-10 18:25:14,611 - INFO - EMA 10, 40 without RSI
2024-08-10 18:25:14,618 - INFO -             real_price  predicted_price
Date                                   
2024-01-08      374.69           370.45
2024-01-09      375.79           370.65
2024-01-10      382.77           371.04
2024-01-11      384.63           372.44
2024-01-12      388.47           375.12
2024-08-10 18:25:14,626 - INFO - Sharpe Ratio (Real Prices): 0.862
2024-08-10 18:25:14,631 - INFO - Sharpe Ratio (Predicted Prices): 3.655
2024-08-10 18:25:14,631 - INFO - EMA 5, 15, 30 with RSI
2024-08-10 18:25:14,637 - INFO -             real_price  predicted_price
Date                                   
2024-01-08      374.69           370.45
2024-01-09      375.79           370.65
2024-01-10      382.77           371.04
2024-01-11      384.63           372.44
2024-01-12      388.47           375.12
2024-08-10 18:25:14,647 - INFO - Sharpe Ratio (Real Prices): 0.638
2024-08-10 18:25:14,654 - INFO - Sharpe Ratio (Predicted Prices): -2.399
2024-08-10 18:25:14,654 - INFO - EMA 5, 15, 30 without RSI
2024-08-10 18:25:14,664 - INFO -             real_price  predicted_price
Date                                   
2024-01-08      374.69           370.45
2024-01-09      375.79           370.65
2024-01-10      382.77           371.04
2024-01-11      384.63           372.44
2024-01-12      388.47           375.12
2024-08-10 18:25:14,679 - INFO - Sharpe Ratio (Real Prices): 0.450
2024-08-10 18:25:14,683 - INFO - Sharpe Ratio (Predicted Prices): 4.488
2024-08-10 18:25:14,684 - INFO - Running time step 15
2024-08-10 18:25:14,684 - INFO - EMA 10, 40 with RSI
2024-08-10 18:25:14,712 - INFO -             real_price  predicted_price
Date                                   
2024-01-16      390.27           381.55
2024-01-17      389.47           383.31
2024-01-18      393.87           384.33
2024-01-19      398.67           385.41
2024-01-20      397.95           387.19
2024-08-10 18:25:14,729 - INFO - Sharpe Ratio (Real Prices): 1.164
2024-08-10 18:25:14,736 - INFO - Sharpe Ratio (Predicted Prices): -3.769
2024-08-10 18:25:14,736 - INFO - EMA 10, 40 without RSI
2024-08-10 18:25:14,743 - INFO -             real_price  predicted_price
Date                                   
2024-01-16      390.27           381.55
2024-01-17      389.47           383.31
2024-01-18      393.87           384.33
2024-01-19      398.67           385.41
2024-01-20      397.95           387.19
2024-08-10 18:25:14,750 - INFO - Sharpe Ratio (Real Prices): 0.232
2024-08-10 18:25:14,754 - INFO - Sharpe Ratio (Predicted Prices): 3.041
2024-08-10 18:25:14,754 - INFO - EMA 5, 15, 30 with RSI
2024-08-10 18:25:14,761 - INFO -             real_price  predicted_price
Date                                   
2024-01-16      390.27           381.55
2024-01-17      389.47           383.31
2024-01-18      393.87           384.33
2024-01-19      398.67           385.41
2024-01-20      397.95           387.19
2024-08-10 18:25:14,774 - INFO - Sharpe Ratio (Real Prices): 0.769
2024-08-10 18:25:14,780 - INFO - Sharpe Ratio (Predicted Prices): -3.173
2024-08-10 18:25:14,780 - INFO - EMA 5, 15, 30 without RSI
2024-08-10 18:25:14,786 - INFO -             real_price  predicted_price
Date                                   
2024-01-16      390.27           381.55
2024-01-17      389.47           383.31
2024-01-18      393.87           384.33
2024-01-19      398.67           385.41
2024-01-20      397.95           387.19
2024-08-10 18:25:14,811 - INFO - Sharpe Ratio (Real Prices): -0.182
2024-08-10 18:25:14,825 - INFO - Sharpe Ratio (Predicted Prices): 3.548
2024-08-10 18:25:14,825 - INFO - Running time step 30
2024-08-10 18:25:14,825 - INFO - EMA 10, 40 with RSI
2024-08-10 18:25:14,867 - INFO -             real_price  predicted_price
Date                                   
2024-01-31      397.58           402.62
2024-02-01      403.78           403.50
2024-02-02      411.22           403.23
2024-02-03      409.36           403.35
2024-02-04      407.51           404.04
2024-08-10 18:25:14,882 - INFO - Sharpe Ratio (Real Prices): 0.131
2024-08-10 18:25:14,891 - INFO - Sharpe Ratio (Predicted Prices): -5.894
2024-08-10 18:25:14,892 - INFO - EMA 10, 40 without RSI
2024-08-10 18:25:14,901 - INFO -             real_price  predicted_price
Date                                   
2024-01-31      397.58           402.62
2024-02-01      403.78           403.50
2024-02-02      411.22           403.23
2024-02-03      409.36           403.35
2024-02-04      407.51           404.04
2024-08-10 18:25:14,912 - INFO - Sharpe Ratio (Real Prices): -0.597
2024-08-10 18:25:14,917 - INFO - Sharpe Ratio (Predicted Prices): -0.149
2024-08-10 18:25:14,917 - INFO - EMA 5, 15, 30 with RSI
2024-08-10 18:25:14,925 - INFO -             real_price  predicted_price
Date                                   
2024-01-31      397.58           402.62
2024-02-01      403.78           403.50
2024-02-02      411.22           403.23
2024-02-03      409.36           403.35
2024-02-04      407.51           404.04
2024-08-10 18:25:14,937 - INFO - Sharpe Ratio (Real Prices): 0.396
2024-08-10 18:25:14,945 - INFO - Sharpe Ratio (Predicted Prices): -4.022
2024-08-10 18:25:14,945 - INFO - EMA 5, 15, 30 without RSI
2024-08-10 18:25:14,952 - INFO -             real_price  predicted_price
Date                                   
2024-01-31      397.58           402.62
2024-02-01      403.78           403.50
2024-02-02      411.22           403.23
2024-02-03      409.36           403.35
2024-02-04      407.51           404.04
2024-08-10 18:25:14,961 - INFO - Sharpe Ratio (Real Prices): -0.482
2024-08-10 18:25:14,966 - INFO - Sharpe Ratio (Predicted Prices): 1.335
2024-08-10 18:25:14,966 - INFO - Running time step 60
2024-08-10 18:25:14,966 - INFO - EMA 10, 40 with RSI
2024-08-10 18:25:14,996 - INFO -             real_price  predicted_price
Date                                   
2024-03-01      415.50           407.38
2024-03-02      415.31           408.18
2024-03-03      415.11           409.13
2024-03-04      414.92           409.88
2024-03-05      402.65           410.39
2024-08-10 18:25:15,007 - INFO - Sharpe Ratio (Real Prices): 0.976
2024-08-10 18:25:15,013 - INFO - Sharpe Ratio (Predicted Prices): -8.691
2024-08-10 18:25:15,013 - INFO - EMA 10, 40 without RSI
2024-08-10 18:25:15,021 - INFO -             real_price  predicted_price
Date                                   
2024-03-01      415.50           407.38
2024-03-02      415.31           408.18
2024-03-03      415.11           409.13
2024-03-04      414.92           409.88
2024-03-05      402.65           410.39
2024-08-10 18:25:15,031 - INFO - Sharpe Ratio (Real Prices): -0.224
2024-08-10 18:25:15,037 - INFO - Sharpe Ratio (Predicted Prices): 0.281
2024-08-10 18:25:15,037 - INFO - EMA 5, 15, 30 with RSI
2024-08-10 18:25:15,046 - INFO -             real_price  predicted_price
Date                                   
2024-03-01      415.50           407.38
2024-03-02      415.31           408.18
2024-03-03      415.11           409.13
2024-03-04      414.92           409.88
2024-03-05      402.65           410.39
2024-08-10 18:25:15,060 - INFO - Sharpe Ratio (Real Prices): 0.532
2024-08-10 18:25:15,069 - INFO - Sharpe Ratio (Predicted Prices): -7.000
2024-08-10 18:25:15,069 - INFO - EMA 5, 15, 30 without RSI
2024-08-10 18:25:15,079 - INFO -             real_price  predicted_price
Date                                   
2024-03-01      415.50           407.38
2024-03-02      415.31           408.18
2024-03-03      415.11           409.13
2024-03-04      414.92           409.88
2024-03-05      402.65           410.39
2024-08-10 18:25:15,090 - INFO - Sharpe Ratio (Real Prices): -0.185
2024-08-10 18:25:15,095 - INFO - Sharpe Ratio (Predicted Prices): 1.166
